

times in msec
 clock   self+sourced   self:  sourced script
 clock   elapsed:              other lines

000.030  000.030: --- NVIM STARTING ---
000.787  000.758: locale set
001.125  000.338: inits 1
001.186  000.061: window checked
001.193  000.007: parsing arguments
001.315  000.122: expanding arguments
001.400  000.085: inits 2
002.065  000.666: init highlight
002.076  000.011: waiting for UI
003.699  001.623: done waiting for UI
003.724  000.024: initialized screen early for UI
004.813  000.013  000.013: sourcing /usr/share/nvim/archlinux.vim
004.817  000.040  000.027: sourcing /etc/xdg//nvim/sysinit.vim
006.252  001.389  001.389: sourcing /home/piotr/.config/nvim/autoload/plug.vim
006.503  000.020  000.020: sourcing /home/piotr/.config/nvim/filetype.vim
012.904  006.372  006.372: sourcing /usr/share/nvim/runtime/filetype.vim
013.106  000.034  000.034: sourcing /usr/share/nvim/runtime/ftplugin.vim
013.289  000.029  000.029: sourcing /usr/share/nvim/runtime/indent.vim
013.485  007.025  000.571: sourcing /home/piotr/.config/nvim/layers/commands.vim
013.554  000.047  000.047: sourcing /home/piotr/.config/nvim/layers/options.vim
014.076  000.319  000.319: sourcing /home/piotr/.config/nvim/layers/which-key.vim
015.189  001.086  001.086: sourcing /home/piotr/.config/nvim/layers/mappings.vim
015.650  000.426  000.426: sourcing /home/piotr/.config/nvim/layers/plug.vim
015.847  000.095  000.095: sourcing /home/piotr/.config/nvim/layers/appearance.vim
016.189  000.276  000.276: sourcing /home/piotr/.config/nvim/layers/themes/nightfly.vim
016.558  000.290  000.290: sourcing /home/piotr/.config/nvim/layers/airline.vim
017.724  000.874  000.874: sourcing /home/piotr/.config/nvim/layers/fzf.vim
017.774  000.018  000.018: sourcing /home/piotr/.config/nvim/layers/netrw.vim
017.925  000.130  000.130: sourcing /home/piotr/.config/nvim/layers/open-browser.vim
018.106  000.157  000.157: sourcing /home/piotr/.config/nvim/layers/vifm.vim
018.809  000.421  000.421: sourcing /home/piotr/.config/nvim/layers/coc.vim
019.016  000.180  000.180: sourcing /home/piotr/.config/nvim/layers/commentary.vim
019.252  000.210  000.210: sourcing /home/piotr/.config/nvim/layers/filesystem.vim
019.435  000.158  000.158: sourcing /home/piotr/.config/nvim/layers/ultisnips.vim
019.573  000.112  000.112: sourcing /home/piotr/.config/nvim/layers/csv.vim
019.700  000.103  000.103: sourcing /home/piotr/.config/nvim/layers/fish.vim
019.847  000.124  000.124: sourcing /home/piotr/.config/nvim/layers/gdscript.vim
019.885  000.015  000.015: sourcing /home/piotr/.config/nvim/layers/markdown.vim
020.121  000.217  000.217: sourcing /home/piotr/.config/nvim/layers/python.vim
020.251  000.105  000.105: sourcing /home/piotr/.config/nvim/layers/sxhkd.vim
020.469  000.195  000.195: sourcing /home/piotr/.config/nvim/layers/webdev.vim
020.685  000.190  000.190: sourcing /home/piotr/.config/nvim/layers/fugitive.vim
021.126  000.416  000.416: sourcing /home/piotr/.config/nvim/layers/figlet.vim
021.260  000.110  000.110: sourcing /home/piotr/.config/nvim/layers/rest.vim
021.393  000.109  000.109: sourcing /home/piotr/.config/nvim/layers/help.vim
021.590  000.173  000.173: sourcing /home/piotr/.config/nvim/layers/vimwiki.vim
021.682  000.068  000.068: sourcing /home/piotr/.config/nvim/layers/unicode.vim
022.312  000.574  000.574: sourcing /usr/share/nvim/runtime/ftoff.vim
024.167  000.021  000.021: sourcing /home/piotr/.config/nvim/filetype.vim
029.764  000.016  000.016: sourcing /home/piotr/.local/share/nvim/plugged/vifm.vim/ftdetect/vifm-rename.vim
029.802  000.023  000.023: sourcing /home/piotr/.local/share/nvim/plugged/vifm.vim/ftdetect/vifm.vim
029.890  000.018  000.018: sourcing /home/piotr/.local/share/nvim/plugged/ultisnips/ftdetect/snippets.vim
029.977  000.036  000.036: sourcing /home/piotr/.local/share/nvim/plugged/vim-fish/ftdetect/fish.vim
030.034  000.012  000.012: sourcing /home/piotr/.local/share/nvim/plugged/vim-godot/ftdetect/gdscript.vim
030.060  000.013  000.013: sourcing /home/piotr/.local/share/nvim/plugged/vim-godot/ftdetect/gsl.vim
030.109  000.012  000.012: sourcing /home/piotr/.local/share/nvim/plugged/sxhkd-vim/ftdetect/sxhkd.vim
030.186  000.011  000.011: sourcing /home/piotr/.local/share/nvim/plugged/vim-fugitive/ftdetect/fugitive.vim
030.234  000.013  000.013: sourcing /home/piotr/.local/share/nvim/plugged/vim-rest-console/ftdetect/rest.vim
030.443  006.153  006.000: sourcing /usr/share/nvim/runtime/filetype.vim
030.704  000.011  000.011: sourcing /usr/share/nvim/runtime/ftplugin.vim
030.954  000.010  000.010: sourcing /usr/share/nvim/runtime/indent.vim
031.767  000.375  000.375: sourcing /usr/share/nvim/runtime/syntax/syncolor.vim
032.309  001.064  000.689: sourcing /usr/share/nvim/runtime/syntax/synload.vim
032.565  001.466  000.402: sourcing /usr/share/nvim/runtime/syntax/syntax.vim
032.964  000.307  000.307: sourcing /home/piotr/.local/share/nvim/plugged/vim-which-key/autoload/which_key.vim
033.867  000.211  000.211: sourcing /usr/share/nvim/runtime/syntax/syncolor.vim
034.538  000.121  000.121: sourcing /usr/share/nvim/runtime/syntax/syncolor.vim
035.051  000.117  000.117: sourcing /usr/share/nvim/runtime/syntax/syncolor.vim
038.412  005.309  004.860: sourcing /home/piotr/.local/share/nvim/plugged/vim-nightfly-guicolors/colors/nightfly.vim
038.429  033.593  004.701: sourcing /home/piotr/.config/nvim/init.vim
038.432  001.075: sourcing vimrc file(s)
038.775  000.121  000.121: sourcing /home/piotr/.local/share/nvim/plugged/vim-which-key/plugin/which_key.vim
039.181  000.114  000.114: sourcing /home/piotr/.local/share/nvim/plugged/vim-airline/autoload/airline/init.vim
039.581  000.128  000.128: sourcing /home/piotr/.local/share/nvim/plugged/vim-airline/autoload/airline/parts.vim
039.759  000.017  000.017: sourcing /home/piotr/.local/share/nvim/plugged/vim-airline/autoload/airline/formatter/short_path.vim
040.928  000.180  000.180: sourcing /home/piotr/.local/share/nvim/plugged/vim-airline/autoload/airline/util.vim
040.998  002.156  001.717: sourcing /home/piotr/.local/share/nvim/plugged/vim-airline/plugin/airline.vim
041.103  000.038  000.038: sourcing /home/piotr/.local/share/nvim/plugged/vim-airline-themes/plugin/airline-themes.vim
042.018  000.207  000.207: sourcing /home/piotr/.local/share/nvim/plugged/vim-airline/autoload/airline.vim
043.332  002.170  001.962: sourcing /home/piotr/.local/share/nvim/plugged/vim-devicons/plugin/webdevicons.vim
043.546  000.145  000.145: sourcing /home/piotr/.local/share/nvim/plugged/vim-highlightedyank/plugin/highlightedyank.vim
044.124  000.522  000.522: sourcing /home/piotr/.local/share/nvim/plugged/fzf/plugin/fzf.vim
044.887  000.694  000.694: sourcing /home/piotr/.local/share/nvim/plugged/fzf.vim/plugin/fzf.vim
045.129  000.169  000.169: sourcing /home/piotr/.local/share/nvim/plugged/open-browser.vim/plugin/openbrowser.vim
045.436  000.020  000.020: sourcing /home/piotr/.local/share/nvim/plugged/vifm.vim/autoload/vifm/globals.vim
045.654  000.465  000.445: sourcing /home/piotr/.local/share/nvim/plugged/vifm.vim/plugin/vifm.vim
046.084  000.369  000.369: sourcing /home/piotr/.local/share/nvim/plugged/vim-surround/plugin/surround.vim
046.315  000.154  000.154: sourcing /home/piotr/.local/share/nvim/plugged/vim-indent-object/plugin/indent-object.vim
046.608  000.074  000.074: sourcing /home/piotr/.local/share/nvim/plugged/coc.nvim/autoload/coc/rpc.vim
047.129  000.427  000.427: sourcing /home/piotr/.local/share/nvim/plugged/coc.nvim/autoload/coc/util.vim
047.493  000.169  000.169: sourcing /home/piotr/.local/share/nvim/plugged/coc.nvim/autoload/coc/client.vim
052.135  005.755  005.085: sourcing /home/piotr/.local/share/nvim/plugged/coc.nvim/plugin/coc.vim
052.462  000.213  000.213: sourcing /home/piotr/.local/share/nvim/plugged/vim-commentary/plugin/commentary.vim
053.354  000.807  000.807: sourcing /home/piotr/.local/share/nvim/plugged/vim-eunuch/plugin/eunuch.vim
053.794  000.069  000.069: sourcing /home/piotr/.local/share/nvim/plugged/ultisnips/autoload/UltiSnips/map_keys.vim
053.884  000.439  000.370: sourcing /home/piotr/.local/share/nvim/plugged/ultisnips/plugin/UltiSnips.vim
054.143  000.191  000.191: sourcing /home/piotr/.local/share/nvim/plugged/rainbow_csv/plugin/rainbow_csv.vim
054.281  000.057  000.057: sourcing /home/piotr/.local/share/nvim/plugged/vim-fish/plugin/fish.vim
054.981  000.631  000.631: sourcing /home/piotr/.local/share/nvim/plugged/semshi/plugin/semshi.vim
055.460  000.399  000.399: sourcing /home/piotr/.local/share/nvim/plugged/emmet-vim/plugin/emmet.vim
057.128  001.588  001.588: sourcing /home/piotr/.local/share/nvim/plugged/vim-fugitive/plugin/fugitive.vim
057.909  000.417  000.417: sourcing /home/piotr/.local/share/nvim/plugged/vimwiki/autoload/vimwiki/vars.vim
059.628  000.120  000.120: sourcing /home/piotr/.local/share/nvim/plugged/vimwiki/autoload/vimwiki/u.vim
062.159  004.943  004.407: sourcing /home/piotr/.local/share/nvim/plugged/vimwiki/plugin/vimwiki.vim
062.772  000.325  000.325: sourcing /usr/share/nvim/runtime/plugin/gzip.vim
062.822  000.012  000.012: sourcing /usr/share/nvim/runtime/plugin/health.vim
062.930  000.088  000.088: sourcing /usr/share/nvim/runtime/plugin/man.vim
063.556  000.262  000.262: sourcing /usr/share/nvim/runtime/pack/dist/opt/matchit/plugin/matchit.vim
063.597  000.645  000.383: sourcing /usr/share/nvim/runtime/plugin/matchit.vim
063.785  000.167  000.167: sourcing /usr/share/nvim/runtime/plugin/matchparen.vim
064.246  000.433  000.433: sourcing /usr/share/nvim/runtime/plugin/netrwPlugin.vim
064.749  000.166  000.166: sourcing /usr/share/nvim/runtime/autoload/remote/host.vim
065.398  000.257  000.257: sourcing /usr/share/nvim/runtime/autoload/remote/define.vim
066.709  002.289  001.866: sourcing /home/piotr/.local/share/nvim/rplugin.vim
066.741  002.456  000.167: sourcing /usr/share/nvim/runtime/plugin/rplugin.vim
067.374  000.508  000.508: sourcing /usr/share/nvim/runtime/plugin/shada.vim
067.463  000.041  000.041: sourcing /usr/share/nvim/runtime/plugin/spellfile.vim
067.766  000.272  000.272: sourcing /usr/share/nvim/runtime/plugin/tarPlugin.vim
067.880  000.091  000.091: sourcing /usr/share/nvim/runtime/plugin/tohtml.vim
067.935  000.029  000.029: sourcing /usr/share/nvim/runtime/plugin/tutor.vim
068.147  000.182  000.182: sourcing /usr/share/nvim/runtime/plugin/zipPlugin.vim
068.257  000.019  000.019: sourcing /usr/share/vim/vimfiles/plugin/fzf.vim
068.263  002.537: loading plugins
068.366  000.103: loading packages
068.622  000.146  000.146: sourcing /home/piotr/.local/share/nvim/plugged/ultisnips/after/plugin/UltiSnips_after.vim
068.701  000.189: loading after plugins
068.719  000.018: inits 3
070.777  002.058: reading ShaDa
071.400  000.262  000.262: sourcing /home/piotr/.local/share/nvim/plugged/vim-airline/autoload/airline/extensions.vim
071.539  000.056  000.056: sourcing /home/piotr/.local/share/nvim/plugged/vim-airline/autoload/airline/extensions/quickfix.vim
071.687  000.031  000.031: sourcing /home/piotr/.local/share/nvim/plugged/vim-airline/autoload/airline/extensions/netrw.vim
071.807  000.032  000.032: sourcing /home/piotr/.local/share/nvim/plugged/vim-airline/autoload/airline/extensions/fzf.vim
072.294  000.058  000.058: sourcing /home/piotr/.local/share/nvim/plugged/vim-airline/autoload/airline/section.vim
072.595  000.173  000.173: sourcing /home/piotr/.local/share/nvim/plugged/vim-airline/autoload/airline/highlighter.vim
072.874  000.742  000.511: sourcing /home/piotr/.local/share/nvim/plugged/vim-airline/autoload/airline/extensions/term.vim
073.084  000.084  000.084: sourcing /home/piotr/.local/share/nvim/plugged/vim-airline/autoload/airline/extensions/hunks.vim
073.564  000.341  000.341: sourcing /home/piotr/.local/share/nvim/plugged/vim-airline/autoload/airline/extensions/branch.vim
073.786  000.104  000.104: sourcing /home/piotr/.local/share/nvim/plugged/vim-airline/autoload/airline/extensions/fugitiveline.vim
080.935  000.135  000.135: sourcing /home/piotr/.local/share/nvim/plugged/vim-airline/autoload/airline/extensions/nvimlsp.vim
081.154  000.105  000.105: sourcing /home/piotr/.local/share/nvim/plugged/vim-airline/autoload/airline/extensions/coc.vim
081.415  000.114  000.114: sourcing /home/piotr/.local/share/nvim/plugged/vim-airline/autoload/airline/extensions/po.vim
081.731  000.200  000.200: sourcing /home/piotr/.local/share/nvim/plugged/vim-airline/autoload/airline/extensions/wordcount.vim
081.916  000.051  000.051: sourcing /home/piotr/.local/share/nvim/plugged/vim-airline/autoload/airline/extensions/keymap.vim
087.684  000.195  000.195: sourcing /home/piotr/.local/share/nvim/plugged/vim-airline/autoload/airline/themes.vim
087.901  000.513  000.318: sourcing /home/piotr/.local/share/nvim/plugged/vim-airline-themes/autoload/airline/themes/night_owl.vim
089.724  000.253  000.253: sourcing /home/piotr/.local/share/nvim/plugged/vim-airline-themes/autoload/airline/themes/night_owl.vim
108.841  000.429  000.429: sourcing /home/piotr/.local/share/nvim/plugged/vim-airline/autoload/airline/builder.vim
109.326  000.133  000.133: sourcing /home/piotr/.local/share/nvim/plugged/vim-airline/autoload/airline/extensions/default.vim
131.276  056.914: opening buffers
133.975  002.554  002.554: sourcing /home/piotr/.local/share/nvim/plugged/rainbow_csv/autoload/rainbow_csv.vim
134.169  000.339: BufEnter autocommands
134.172  000.003: editing files in windows
134.334  000.162: VimEnter autocommands
134.337  000.003: UIEnter autocommands
134.339  000.002: before starting main loop
135.196  000.750  000.750: sourcing /home/piotr/.local/share/nvim/plugged/coc.nvim/autoload/coc/float.vim
141.361  004.131  004.131: sourcing /home/piotr/.local/share/nvim/plugged/vim-fugitive/autoload/fugitive.vim
152.037  012.818: first screen update
152.058  000.021: --- NVIM STARTED ---
